{"name": "test_go_to_services", "status": "broken", "statusDetails": {"message": "selenium.common.exceptions.WebDriverException: Message: Service /root/.cache/selenium/chromedriver/linux64/133.0.6943.53/chromedriver unexpectedly exited. Status code was: 127", "trace": "@pytest.fixture\n    def driver():\n        chrome_options = Options()\n        if os.environ.get('CHROME_OPTIONS'):\n            for option in os.environ['CHROME_OPTIONS'].split():\n                chrome_options.add_argument(option)\n    \n>       driver = webdriver.Chrome(options=chrome_options)\n\ntest_aqa1/conftest.py:14: \n_ _ _ _ _ _ _ _ _ _ _ _ _ _ _ _ _ _ _ _ _ _ _ _ _ _ _ _ _ _ _ _ _ _ _ _ _ _ _ _ \n/usr/local/lib/python3.9/site-packages/selenium/webdriver/chrome/webdriver.py:45: in __init__\n    super().__init__(\n/usr/local/lib/python3.9/site-packages/selenium/webdriver/chromium/webdriver.py:55: in __init__\n    self.service.start()\n/usr/local/lib/python3.9/site-packages/selenium/webdriver/common/service.py:113: in start\n    self.assert_process_still_running()\n_ _ _ _ _ _ _ _ _ _ _ _ _ _ _ _ _ _ _ _ _ _ _ _ _ _ _ _ _ _ _ _ _ _ _ _ _ _ _ _ \n\nself = <selenium.webdriver.chrome.service.Service object at 0x7f4a3217dcd0>\n\n    def assert_process_still_running(self) -> None:\n        \"\"\"Check if the underlying process is still running.\"\"\"\n        return_code = self.process.poll()\n        if return_code:\n>           raise WebDriverException(f\"Service {self._path} unexpectedly exited. Status code was: {return_code}\")\nE           selenium.common.exceptions.WebDriverException: Message: Service /root/.cache/selenium/chromedriver/linux64/133.0.6943.53/chromedriver unexpectedly exited. Status code was: 127\n\n/usr/local/lib/python3.9/site-packages/selenium/webdriver/common/service.py:126: WebDriverException"}, "start": 1738763186263, "stop": 1738763186263, "uuid": "43927a31-f8a1-47cd-82be-38a6f65d9ba6", "historyId": "417b7650c06692d5b01e8fa38e58e8d9", "testCaseId": "417b7650c06692d5b01e8fa38e58e8d9", "fullName": "test_aqa1.main_test#test_go_to_services", "labels": [{"name": "parentSuite", "value": "test_aqa1"}, {"name": "suite", "value": "main_test"}, {"name": "host", "value": "bcb123a843de"}, {"name": "thread", "value": "1-MainThread"}, {"name": "framework", "value": "pytest"}, {"name": "language", "value": "cpython3"}, {"name": "package", "value": "test_aqa1.main_test"}]}