{"name": "test_go_to_about", "status": "broken", "statusDetails": {"message": "selenium.common.exceptions.TimeoutException: Message: \nStacktrace:\n\tGetHandleVerifier [0x00007FF7D6B802F5+28725]\n\t(No symbol) [0x00007FF7D6AE2AE0]\n\t(No symbol) [0x00007FF7D697510A]\n\t(No symbol) [0x00007FF7D69C93D2]\n\t(No symbol) [0x00007FF7D69C95FC]\n\t(No symbol) [0x00007FF7D6A13407]\n\t(No symbol) [0x00007FF7D69EFFEF]\n\t(No symbol) [0x00007FF7D6A10181]\n\t(No symbol) [0x00007FF7D69EFD53]\n\t(No symbol) [0x00007FF7D69BA0E3]\n\t(No symbol) [0x00007FF7D69BB471]\n\tGetHandleVerifier [0x00007FF7D6EAF30D+3366989]\n\tGetHandleVerifier [0x00007FF7D6EC12F0+3440688]\n\tGetHandleVerifier [0x00007FF7D6EB78FD+3401277]\n\tGetHandleVerifier [0x00007FF7D6C4AAAB+858091]\n\t(No symbol) [0x00007FF7D6AEE74F]\n\t(No symbol) [0x00007FF7D6AEA304]\n\t(No symbol) [0x00007FF7D6AEA49D]\n\t(No symbol) [0x00007FF7D6AD8B69]\n\tBaseThreadInitThunk [0x00007FFA4C7B7614+20]\n\tRtlUserThreadStart [0x00007FFA4D3626A1+33]", "trace": "driver = <selenium.webdriver.chrome.webdriver.WebDriver (session=\"53acd9f6de30b2fef4267f08f6984bbd\")>\n\n    def test_go_to_about(driver):\n        main_page = MainPage(driver)\n>       main_page.go_to_about()\n\ntest_aqa1\\main_test.py:13: \n_ _ _ _ _ _ _ _ _ _ _ _ _ _ _ _ _ _ _ _ _ _ _ _ _ _ _ _ _ _ _ _ _ _ _ _ _ _ _ _ _ _ _ _ _ _ _ _ _ _ _ _ _ _ _ _ _ _ _ _ _ _ _ _ _ _ _ _ _ _ _ _ _ _ _ _\ntest_aqa1\\pages\\main_page.py:25: in go_to_about\n    about_link = self.find_element(self.ABOUT_LINK)\ntest_aqa1\\pages\\base_page.py:11: in find_element\n    return self.wait.until(EC.visibility_of_element_located(locator))\n_ _ _ _ _ _ _ _ _ _ _ _ _ _ _ _ _ _ _ _ _ _ _ _ _ _ _ _ _ _ _ _ _ _ _ _ _ _ _ _ _ _ _ _ _ _ _ _ _ _ _ _ _ _ _ _ _ _ _ _ _ _ _ _ _ _ _ _ _ _ _ _ _ _ _ _\n\nself = <selenium.webdriver.support.wait.WebDriverWait (session=\"53acd9f6de30b2fef4267f08f6984bbd\")>\nmethod = <function visibility_of_element_located.<locals>._predicate at 0x000001A1073F1F80>, message = ''\n\n    def until(self, method: Callable[[D], Union[Literal[False], T]], message: str = \"\") -> T:\n        \"\"\"Wait until the method returns a value that is not False.\n    \n        Calls the method provided with the driver as an argument until the\n        return value does not evaluate to ``False``.\n    \n        Parameters:\n        ----------\n        method: callable(WebDriver)\n            - A callable object that takes a WebDriver instance as an argument.\n    \n        message: str\n            - Optional message for :exc:`TimeoutException`\n    \n        Return:\n        -------\n        object: T\n            - The result of the last call to `method`\n    \n        Raises:\n        -------\n        TimeoutException\n            - If 'method' does not return a truthy value within the WebDriverWait\n            object's timeout\n    \n        Example:\n        --------\n        >>> from selenium.webdriver.common.by import By\n        >>> from selenium.webdriver.support.ui import WebDriverWait\n        >>> from selenium.webdriver.support import expected_conditions as EC\n    \n        # Wait until an element is visible on the page\n        >>> wait = WebDriverWait(driver, 10)\n        >>> element = wait.until(EC.visibility_of_element_located((By.ID, \"exampleId\")))\n        >>> print(element.text)\n        \"\"\"\n        screen = None\n        stacktrace = None\n    \n        end_time = time.monotonic() + self._timeout\n        while True:\n            try:\n                value = method(self._driver)\n                if value:\n                    return value\n            except self._ignored_exceptions as exc:\n                screen = getattr(exc, \"screen\", None)\n                stacktrace = getattr(exc, \"stacktrace\", None)\n            if time.monotonic() > end_time:\n                break\n            time.sleep(self._poll)\n>       raise TimeoutException(message, screen, stacktrace)\nE       selenium.common.exceptions.TimeoutException: Message: \nE       Stacktrace:\nE       \tGetHandleVerifier [0x00007FF7D6B802F5+28725]\nE       \t(No symbol) [0x00007FF7D6AE2AE0]\nE       \t(No symbol) [0x00007FF7D697510A]\nE       \t(No symbol) [0x00007FF7D69C93D2]\nE       \t(No symbol) [0x00007FF7D69C95FC]\nE       \t(No symbol) [0x00007FF7D6A13407]\nE       \t(No symbol) [0x00007FF7D69EFFEF]\nE       \t(No symbol) [0x00007FF7D6A10181]\nE       \t(No symbol) [0x00007FF7D69EFD53]\nE       \t(No symbol) [0x00007FF7D69BA0E3]\nE       \t(No symbol) [0x00007FF7D69BB471]\nE       \tGetHandleVerifier [0x00007FF7D6EAF30D+3366989]\nE       \tGetHandleVerifier [0x00007FF7D6EC12F0+3440688]\nE       \tGetHandleVerifier [0x00007FF7D6EB78FD+3401277]\nE       \tGetHandleVerifier [0x00007FF7D6C4AAAB+858091]\nE       \t(No symbol) [0x00007FF7D6AEE74F]\nE       \t(No symbol) [0x00007FF7D6AEA304]\nE       \t(No symbol) [0x00007FF7D6AEA49D]\nE       \t(No symbol) [0x00007FF7D6AD8B69]\nE       \tBaseThreadInitThunk [0x00007FFA4C7B7614+20]\nE       \tRtlUserThreadStart [0x00007FFA4D3626A1+33]\n\nvenv\\Lib\\site-packages\\selenium\\webdriver\\support\\wait.py:146: TimeoutException"}, "steps": [{"name": "Переходим в раздел \"О нас\"", "status": "broken", "statusDetails": {"message": "selenium.common.exceptions.TimeoutException: Message: \nStacktrace:\n\tGetHandleVerifier [0x00007FF7D6B802F5+28725]\n\t(No symbol) [0x00007FF7D6AE2AE0]\n\t(No symbol) [0x00007FF7D697510A]\n\t(No symbol) [0x00007FF7D69C93D2]\n\t(No symbol) [0x00007FF7D69C95FC]\n\t(No symbol) [0x00007FF7D6A13407]\n\t(No symbol) [0x00007FF7D69EFFEF]\n\t(No symbol) [0x00007FF7D6A10181]\n\t(No symbol) [0x00007FF7D69EFD53]\n\t(No symbol) [0x00007FF7D69BA0E3]\n\t(No symbol) [0x00007FF7D69BB471]\n\tGetHandleVerifier [0x00007FF7D6EAF30D+3366989]\n\tGetHandleVerifier [0x00007FF7D6EC12F0+3440688]\n\tGetHandleVerifier [0x00007FF7D6EB78FD+3401277]\n\tGetHandleVerifier [0x00007FF7D6C4AAAB+858091]\n\t(No symbol) [0x00007FF7D6AEE74F]\n\t(No symbol) [0x00007FF7D6AEA304]\n\t(No symbol) [0x00007FF7D6AEA49D]\n\t(No symbol) [0x00007FF7D6AD8B69]\n\tBaseThreadInitThunk [0x00007FFA4C7B7614+20]\n\tRtlUserThreadStart [0x00007FFA4D3626A1+33]\n\n", "trace": "  File \"C:\\Users\\User\\.test-effective-mobile\\venv\\Lib\\site-packages\\allure_commons\\_allure.py\", line 192, in impl\n    return func(*a, **kw)\n  File \"C:\\Users\\User\\.test-effective-mobile\\test_aqa1\\pages\\main_page.py\", line 25, in go_to_about\n    about_link = self.find_element(self.ABOUT_LINK)\n  File \"C:\\Users\\User\\.test-effective-mobile\\test_aqa1\\pages\\base_page.py\", line 11, in find_element\n    return self.wait.until(EC.visibility_of_element_located(locator))\n           ~~~~~~~~~~~~~~~^^^^^^^^^^^^^^^^^^^^^^^^^^^^^^^^^^^^^^^^^^^\n  File \"C:\\Users\\User\\.test-effective-mobile\\venv\\Lib\\site-packages\\selenium\\webdriver\\support\\wait.py\", line 146, in until\n    raise TimeoutException(message, screen, stacktrace)\n"}, "start": 1738680050673, "stop": 1738680060794}], "start": 1738680050672, "stop": 1738680060797, "uuid": "0153d53a-d900-41ef-ac19-181b679c158c", "historyId": "19582d3054ed610f701d1658ac0d5ed9", "testCaseId": "19582d3054ed610f701d1658ac0d5ed9", "fullName": "test_aqa1.main_test#test_go_to_about", "labels": [{"name": "parentSuite", "value": "test_aqa1"}, {"name": "suite", "value": "main_test"}, {"name": "host", "value": "WIN-HGRM25OJIII"}, {"name": "thread", "value": "13420-MainThread"}, {"name": "framework", "value": "pytest"}, {"name": "language", "value": "cpython3"}, {"name": "package", "value": "test_aqa1.main_test"}]}