{"name": "test_go_to_contacts", "status": "broken", "statusDetails": {"message": "selenium.common.exceptions.WebDriverException: Message: Service /root/.cache/selenium/chromedriver/linux64/133.0.6943.53/chromedriver unexpectedly exited. Status code was: 127", "trace": "@pytest.fixture\n    def driver():\n        chrome_options = Options()\n        if os.environ.get('CHROME_OPTIONS'):\n            for option in os.environ['CHROME_OPTIONS'].split():\n                chrome_options.add_argument(option)\n    \n>       driver = webdriver.Chrome(options=chrome_options)\n\ntest_aqa1/conftest.py:14: \n_ _ _ _ _ _ _ _ _ _ _ _ _ _ _ _ _ _ _ _ _ _ _ _ _ _ _ _ _ _ _ _ _ _ _ _ _ _ _ _ \n/usr/local/lib/python3.9/site-packages/selenium/webdriver/chrome/webdriver.py:45: in __init__\n    super().__init__(\n/usr/local/lib/python3.9/site-packages/selenium/webdriver/chromium/webdriver.py:55: in __init__\n    self.service.start()\n/usr/local/lib/python3.9/site-packages/selenium/webdriver/common/service.py:113: in start\n    self.assert_process_still_running()\n_ _ _ _ _ _ _ _ _ _ _ _ _ _ _ _ _ _ _ _ _ _ _ _ _ _ _ _ _ _ _ _ _ _ _ _ _ _ _ _ \n\nself = <selenium.webdriver.chrome.service.Service object at 0x7f4a3132fac0>\n\n    def assert_process_still_running(self) -> None:\n        \"\"\"Check if the underlying process is still running.\"\"\"\n        return_code = self.process.poll()\n        if return_code:\n>           raise WebDriverException(f\"Service {self._path} unexpectedly exited. Status code was: {return_code}\")\nE           selenium.common.exceptions.WebDriverException: Message: Service /root/.cache/selenium/chromedriver/linux64/133.0.6943.53/chromedriver unexpectedly exited. Status code was: 127\n\n/usr/local/lib/python3.9/site-packages/selenium/webdriver/common/service.py:126: WebDriverException"}, "start": 1738763186429, "stop": 1738763186429, "uuid": "cc67e85b-e6c7-4c72-a7d9-5f34e3cabd5d", "historyId": "cebd98b2ced480a99a96bfbaa1930171", "testCaseId": "cebd98b2ced480a99a96bfbaa1930171", "fullName": "test_aqa1.main_test#test_go_to_contacts", "labels": [{"name": "parentSuite", "value": "test_aqa1"}, {"name": "suite", "value": "main_test"}, {"name": "host", "value": "bcb123a843de"}, {"name": "thread", "value": "1-MainThread"}, {"name": "framework", "value": "pytest"}, {"name": "language", "value": "cpython3"}, {"name": "package", "value": "test_aqa1.main_test"}]}