{"name": "test_go_to_cases", "status": "broken", "statusDetails": {"message": "selenium.common.exceptions.TimeoutException: Message: \nStacktrace:\n\tGetHandleVerifier [0x00007FF6532102F5+28725]\n\t(No symbol) [0x00007FF653172AE0]\n\t(No symbol) [0x00007FF65300510A]\n\t(No symbol) [0x00007FF6530593D2]\n\t(No symbol) [0x00007FF6530595FC]\n\t(No symbol) [0x00007FF6530A3407]\n\t(No symbol) [0x00007FF65307FFEF]\n\t(No symbol) [0x00007FF6530A0181]\n\t(No symbol) [0x00007FF65307FD53]\n\t(No symbol) [0x00007FF65304A0E3]\n\t(No symbol) [0x00007FF65304B471]\n\tGetHandleVerifier [0x00007FF65353F30D+3366989]\n\tGetHandleVerifier [0x00007FF6535512F0+3440688]\n\tGetHandleVerifier [0x00007FF6535478FD+3401277]\n\tGetHandleVerifier [0x00007FF6532DAAAB+858091]\n\t(No symbol) [0x00007FF65317E74F]\n\t(No symbol) [0x00007FF65317A304]\n\t(No symbol) [0x00007FF65317A49D]\n\t(No symbol) [0x00007FF653168B69]\n\tBaseThreadInitThunk [0x00007FFA4C7B7614+20]\n\tRtlUserThreadStart [0x00007FFA4D3626A1+33]", "trace": "driver = <selenium.webdriver.chrome.webdriver.WebDriver (session=\"98cdd7968ca486b96e6fe49741feea0f\")>\n\n    def test_go_to_cases(driver):\n        main_page = MainPage(driver)\n        main_page.open()\n>       main_page.go_to_cases()\n\ntest_aqa1\\main_test.py:21: \n_ _ _ _ _ _ _ _ _ _ _ _ _ _ _ _ _ _ _ _ _ _ _ _ _ _ _ _ _ _ _ _ _ _ _ _ _ _ _ _ _ _ _ _ _ _ _ _ _ _ _ _ _ _ _ _ _ _ _ _ _ _ _ _ _ _ _ _ _\ntest_aqa1\\pages\\main_page.py:54: in go_to_cases\n    cases_link = self.find_element(self.CASES_LINK)\ntest_aqa1\\pages\\base_page.py:11: in find_element\n    return self.wait.until(EC.visibility_of_element_located(locator))\n_ _ _ _ _ _ _ _ _ _ _ _ _ _ _ _ _ _ _ _ _ _ _ _ _ _ _ _ _ _ _ _ _ _ _ _ _ _ _ _ _ _ _ _ _ _ _ _ _ _ _ _ _ _ _ _ _ _ _ _ _ _ _ _ _ _ _ _ _\n\nself = <selenium.webdriver.support.wait.WebDriverWait (session=\"98cdd7968ca486b96e6fe49741feea0f\")>\nmethod = <function visibility_of_element_located.<locals>._predicate at 0x00000264CFCD0180>, message = ''\n\n    def until(self, method: Callable[[D], Union[Literal[False], T]], message: str = \"\") -> T:\n        \"\"\"Wait until the method returns a value that is not False.\n    \n        Calls the method provided with the driver as an argument until the\n        return value does not evaluate to ``False``.\n    \n        Parameters:\n        ----------\n        method: callable(WebDriver)\n            - A callable object that takes a WebDriver instance as an argument.\n    \n        message: str\n            - Optional message for :exc:`TimeoutException`\n    \n        Return:\n        -------\n        object: T\n            - The result of the last call to `method`\n    \n        Raises:\n        -------\n        TimeoutException\n            - If 'method' does not return a truthy value within the WebDriverWait\n            object's timeout\n    \n        Example:\n        --------\n        >>> from selenium.webdriver.common.by import By\n        >>> from selenium.webdriver.support.ui import WebDriverWait\n        >>> from selenium.webdriver.support import expected_conditions as EC\n    \n        # Wait until an element is visible on the page\n        >>> wait = WebDriverWait(driver, 10)\n        >>> element = wait.until(EC.visibility_of_element_located((By.ID, \"exampleId\")))\n        >>> print(element.text)\n        \"\"\"\n        screen = None\n        stacktrace = None\n    \n        end_time = time.monotonic() + self._timeout\n        while True:\n            try:\n                value = method(self._driver)\n                if value:\n                    return value\n            except self._ignored_exceptions as exc:\n                screen = getattr(exc, \"screen\", None)\n                stacktrace = getattr(exc, \"stacktrace\", None)\n            if time.monotonic() > end_time:\n                break\n            time.sleep(self._poll)\n>       raise TimeoutException(message, screen, stacktrace)\nE       selenium.common.exceptions.TimeoutException: Message: \nE       Stacktrace:\nE       \tGetHandleVerifier [0x00007FF6532102F5+28725]\nE       \t(No symbol) [0x00007FF653172AE0]\nE       \t(No symbol) [0x00007FF65300510A]\nE       \t(No symbol) [0x00007FF6530593D2]\nE       \t(No symbol) [0x00007FF6530595FC]\nE       \t(No symbol) [0x00007FF6530A3407]\nE       \t(No symbol) [0x00007FF65307FFEF]\nE       \t(No symbol) [0x00007FF6530A0181]\nE       \t(No symbol) [0x00007FF65307FD53]\nE       \t(No symbol) [0x00007FF65304A0E3]\nE       \t(No symbol) [0x00007FF65304B471]\nE       \tGetHandleVerifier [0x00007FF65353F30D+3366989]\nE       \tGetHandleVerifier [0x00007FF6535512F0+3440688]\nE       \tGetHandleVerifier [0x00007FF6535478FD+3401277]\nE       \tGetHandleVerifier [0x00007FF6532DAAAB+858091]\nE       \t(No symbol) [0x00007FF65317E74F]\nE       \t(No symbol) [0x00007FF65317A304]\nE       \t(No symbol) [0x00007FF65317A49D]\nE       \t(No symbol) [0x00007FF653168B69]\nE       \tBaseThreadInitThunk [0x00007FFA4C7B7614+20]\nE       \tRtlUserThreadStart [0x00007FFA4D3626A1+33]\n\nvenv\\Lib\\site-packages\\selenium\\webdriver\\support\\wait.py:146: TimeoutException"}, "steps": [{"name": "Открываем главную страницу", "status": "passed", "start": 1738744853579, "stop": 1738744854373}], "start": 1738744853574, "stop": 1738744864460, "uuid": "22e62573-4740-4c55-9e66-6f2683b9499e", "historyId": "e832ed40061d17b64c8678b96e3c56c1", "testCaseId": "e832ed40061d17b64c8678b96e3c56c1", "fullName": "test_aqa1.main_test#test_go_to_cases", "labels": [{"name": "parentSuite", "value": "test_aqa1"}, {"name": "suite", "value": "main_test"}, {"name": "host", "value": "WIN-HGRM25OJIII"}, {"name": "thread", "value": "6208-MainThread"}, {"name": "framework", "value": "pytest"}, {"name": "language", "value": "cpython3"}, {"name": "package", "value": "test_aqa1.main_test"}]}